<?xml version="1.0" encoding="UTF-8"?>
<!-- Generated by org.testng.reporters.JUnitReportReporter -->
<testsuite hostname="DESKTOP-HPNOI30" failures="0" tests="1" name="httpRequests.FirstGetRequest" time="8.620" errors="0" timestamp="2023-06-23T21:19:45 IST" skipped="0">
  <testcase classname="httpRequests.FirstGetRequest" name="testcase01" time="8.620"/>
  <system-out/>
</testsuite> <!-- httpRequests.FirstGetRequest -->
