<?xml version="1.0" encoding="UTF-8"?>
<!-- Generated by org.testng.reporters.JUnitReportReporter -->
<testsuite hostname="DESKTOP-HPNOI30" failures="0" tests="1" name="session3.Test_PutMethod" time="4.338" errors="0" timestamp="2023-06-23T22:45:13 IST" skipped="0">
  <testcase classname="session3.Test_PutMethod" name="test04" time="4.338"/>
  <system-out/>
</testsuite> <!-- session3.Test_PutMethod -->
