<?xml version="1.0" encoding="UTF-8"?>
<!-- Generated by org.testng.reporters.JUnitReportReporter -->
<testsuite hostname="DESKTOP-HPNOI30" failures="0" tests="2" name="session8.Authorization" time="9.696" errors="0" timestamp="2023-06-25T15:48:22 IST" skipped="0">
  <testcase classname="session8.Authorization" name="invoiceList" time="1.130"/>
  <system-out/>
  <testcase classname="session8.Authorization" name="generateAccessToken" time="8.566"/>
  <system-out/>
</testsuite> <!-- session8.Authorization -->
