<?xml version="1.0" encoding="UTF-8"?>
<!-- Generated by org.testng.reporters.JUnitReportReporter -->
<testsuite hostname="DESKTOP-HPNOI30" failures="0" tests="1" name="session7.QueryRequestSpecification" time="1.466" errors="0" timestamp="2023-06-25T19:21:14 IST" skipped="0">
  <testcase classname="session7.QueryRequestSpecification" name="createUser" time="1.466"/>
  <system-out/>
</testsuite> <!-- session7.QueryRequestSpecification -->
