<?xml version="1.0" encoding="UTF-8"?>
<!-- Generated by org.testng.reporters.JUnitReportReporter -->
<testsuite hostname="DESKTOP-HPNOI30" failures="0" tests="2" name="session9.JsonObjectUsingJavaMapDemo" time="6.712" errors="0" timestamp="2023-06-26T13:05:17 IST" skipped="0">
  <testcase classname="session9.JsonObjectUsingJavaMapDemo" name="createAuthToken" time="5.869"/>
  <system-out/>
  <testcase classname="session9.JsonObjectUsingJavaMapDemo" name="createUser" time="0.843"/>
  <system-out/>
</testsuite> <!-- session9.JsonObjectUsingJavaMapDemo -->
