<?xml version="1.0" encoding="UTF-8"?>
<!-- Generated by org.testng.reporters.JUnitReportReporter -->
<testsuite hostname="DESKTOP-HPNOI30" failures="0" tests="2" name="session10.JsonArrayDemo" time="6.603" errors="0" timestamp="2023-06-26T13:58:38 IST" skipped="0">
  <testcase classname="session10.JsonArrayDemo" name="createJsonArrayUsingList" time="6.002"/>
  <system-out/>
  <testcase classname="session10.JsonArrayDemo" name="createUserUsingJsonArray" time="0.601"/>
  <system-out/>
</testsuite> <!-- session10.JsonArrayDemo -->
