<?xml version="1.0" encoding="UTF-8"?>
<!-- Generated by org.testng.reporters.JUnitReportReporter -->
<testsuite hostname="DESKTOP-HPNOI30" failures="0" tests="1" name="session6.ValidateJsonResponseBody" time="6.143" errors="0" timestamp="2023-06-24T08:20:31 IST" skipped="0">
  <testcase classname="session6.ValidateJsonResponseBody" name="userListResponseBody" time="6.143"/>
  <system-out/>
</testsuite> <!-- session6.ValidateJsonResponseBody -->
