<?xml version="1.0" encoding="UTF-8"?>
<!-- Generated by org.testng.reporters.JUnitReportReporter -->
<testsuite hostname="DESKTOP-HPNOI30" failures="0" tests="1" name="session3.Test_PatchMethod" time="11.449" errors="0" timestamp="2023-06-23T22:57:22 IST" skipped="0">
  <testcase classname="session3.Test_PatchMethod" name="test05" time="11.449"/>
  <system-out/>
</testsuite> <!-- session3.Test_PatchMethod -->
