<?xml version="1.0" encoding="UTF-8"?>
<!-- Generated by org.testng.reporters.JUnitReportReporter -->
<testsuite hostname="DESKTOP-HPNOI30" failures="0" tests="1" name="session6.RequstWithQueryParams" time="4.535" errors="0" timestamp="2023-06-24T09:00:08 IST" skipped="0">
  <testcase classname="session6.RequstWithQueryParams" name="usingQueryParams" time="4.535"/>
  <system-out/>
</testsuite> <!-- session6.RequstWithQueryParams -->
