<?xml version="1.0" encoding="UTF-8"?>
<!-- Generated by org.testng.reporters.JUnitReportReporter -->
<testsuite hostname="DESKTOP-HPNOI30" failures="0" tests="4" name="session13.LocalJSONServerAPITesting" time="4.748" errors="0" timestamp="2023-06-26T22:13:07 IST" skipped="0">
  <testcase classname="session13.LocalJSONServerAPITesting" name="postUserData" time="3.663"/>
  <system-out/>
  <testcase classname="session13.LocalJSONServerAPITesting" name="createUser" time="0.864"/>
  <system-out/>
  <testcase classname="session13.LocalJSONServerAPITesting" name="updateUser" time="0.132"/>
  <system-out/>
  <testcase classname="session13.LocalJSONServerAPITesting" name="deleteUser" time="0.089"/>
  <system-out/>
</testsuite> <!-- session13.LocalJSONServerAPITesting -->
