<?xml version="1.0" encoding="UTF-8"?>
<!-- Generated by org.testng.reporters.JUnitReportReporter -->
<testsuite hostname="DESKTOP-HPNOI30" failures="0" tests="1" name="session3.Test_PostMethod" time="4.642" errors="0" timestamp="2023-06-23T22:44:06 IST" skipped="0">
  <testcase classname="session3.Test_PostMethod" name="test03" time="4.642"/>
  <system-out/>
</testsuite> <!-- session3.Test_PostMethod -->
