<?xml version="1.0" encoding="UTF-8"?>
<!-- Generated by org.testng.reporters.JUnitReportReporter -->
<testsuite hostname="DESKTOP-HPNOI30" failures="0" tests="1" name="session3.Test_DeleteMethod" time="4.010" errors="0" timestamp="2023-06-23T23:03:15 IST" skipped="0">
  <testcase classname="session3.Test_DeleteMethod" name="test06" time="4.010"/>
  <system-out/>
</testsuite> <!-- session3.Test_DeleteMethod -->
