<?xml version="1.0" encoding="UTF-8"?>
<!-- Generated by org.testng.reporters.JUnitReportReporter -->
<testsuite hostname="DESKTOP-HPNOI30" failures="0" tests="1" name="session11.JSONObjectUsingJacksonAPI" time="5.394" errors="0" timestamp="2023-06-26T17:07:49 IST" skipped="0">
  <testcase classname="session11.JSONObjectUsingJacksonAPI" name="createUserUsingJacksonAPI" time="5.394"/>
  <system-out/>
</testsuite> <!-- session11.JSONObjectUsingJacksonAPI -->
