<?xml version="1.0" encoding="UTF-8"?>
<!-- Generated by org.testng.reporters.JUnitReportReporter -->
<testsuite hostname="DESKTOP-HPNOI30" failures="0" tests="1" name="session12.FileUploadDemo" time="6.415" errors="0" timestamp="2023-06-26T18:29:34 IST" skipped="0">
  <testcase classname="session12.FileUploadDemo" name="imageUpload" time="6.415"/>
  <system-out/>
</testsuite> <!-- session12.FileUploadDemo -->
